<?xml version="1.0" encoding="UTF-8"?>
<!-- Generated by org.testng.reporters.JUnitReportReporter -->
<testsuite hostname="LAPTOP-BNPBN61U" name="Testng.p1" tests="4" failures="0" timestamp="6 May 2020 15:22:52 GMT" time="0.026" errors="0">
  <testcase name="shapes" time="0.002" classname="Testng.p1"/>
  <testcase name="veggies" time="0.017" classname="Testng.p1"/>
  <testcase name="Fruit" time="0.004" classname="Testng.p1"/>
  <testcase name="car" time="0.003" classname="Testng.p1"/>
</testsuite> <!-- Testng.p1 -->
