<?xml version="1.0" encoding="UTF-8"?>
<!-- Generated by org.testng.reporters.JUnitReportReporter -->
<testsuite hostname="LAPTOP-BNPBN61U" name="Testng.p4" tests="3" failures="0" timestamp="6 May 2020 15:22:01 GMT" time="0.028" errors="0">
  <testcase name="orange" time="0.004" classname="Testng.p4"/>
  <testcase name="a" time="0.002" classname="Testng.p4"/>
  <testcase name="Banana" time="0.022" classname="Testng.p4"/>
</testsuite> <!-- Testng.p4 -->
