<?xml version="1.0" encoding="UTF-8"?>
<!-- Generated by org.testng.reporters.JUnitReportReporter -->
<testsuite hostname="LAPTOP-BNPBN61U" name="Testng.p2" tests="2" failures="0" timestamp="6 May 2020 14:58:09 GMT" time="0.002" errors="0">
  <testcase name="Test1" time="0.001" classname="Testng.p2"/>
  <testcase name="Test2" time="0.001" classname="Testng.p2"/>
</testsuite> <!-- Testng.p2 -->
