<?xml version="1.0" encoding="UTF-8"?>
<!-- Generated by org.testng.reporters.JUnitReportReporter -->
<testsuite hostname="LAPTOP-BNPBN61U" name="Testng.p3" tests="2" failures="0" timestamp="6 May 2020 15:08:05 GMT" time="0.029" errors="0">
  <testcase name="ghi" time="0.013" classname="Testng.p3"/>
  <testcase name="def" time="0.016" classname="Testng.p3"/>
</testsuite> <!-- Testng.p3 -->
